# JRE version: Java(TM) SE Runtime Environment (8.0_161-b12) (build 1.8.0_161-b12)
# Java VM: Java HotSpot(TM) 64-Bit Server VM (25.161-b12 mixed mode windows-amd64 compressed oops)
Heap:
 PSYoungGen      total 276992K, used 39578K [0x00000000e0000000, 0x00000000f3680000, 0x0000000100000000)
  eden space 248832K, 12% used [0x00000000e0000000,0x00000000e1dab0b0,0x00000000ef300000)
  from space 28160K, 32% used [0x00000000f1480000,0x00000000f1d7ba50,0x00000000f3000000)
  to   space 34304K, 0% used [0x00000000ef300000,0x00000000ef300000,0x00000000f1480000)
 ParOldGen       total 173056K, used 113928K [0x00000000a0000000, 0x00000000aa900000, 0x00000000e0000000)
  object space 173056K, 65% used [0x00000000a0000000,0x00000000a6f421b8,0x00000000aa900000)
 Metaspace       used 76772K, capacity 80204K, committed 80384K, reserved 1118208K
  class space    used 10351K, capacity 11149K, committed 11264K, reserved 1048576K
GC Heap History (10 events):
Event: 6.476 GC heap before
{Heap before GC invocations=11 (full 3):
 PSYoungGen      total 240128K, used 19455K [0x00000000e0000000, 0x00000000f0680000, 0x0000000100000000)
  eden space 220672K, 0% used [0x00000000e0000000,0x00000000e0000000,0x00000000ed780000)
  from space 19456K, 99% used [0x00000000ef180000,0x00000000f047fc98,0x00000000f0480000)
  to   space 24064K, 0% used [0x00000000ed780000,0x00000000ed780000,0x00000000eef00000)
 ParOldGen       total 173056K, used 28077K [0x00000000a0000000, 0x00000000aa900000, 0x00000000e0000000)
  object space 173056K, 16% used [0x00000000a0000000,0x00000000a1b6b448,0x00000000aa900000)
 Metaspace       used 57324K, capacity 58918K, committed 59008K, reserved 1099776K
  class space    used 7892K, capacity 8313K, committed 8320K, reserved 1048576K
Event: 6.675 GC heap after
Heap after GC invocations=11 (full 3):
 PSYoungGen      total 240128K, used 0K [0x00000000e0000000, 0x00000000f0680000, 0x0000000100000000)
  eden space 220672K, 0% used [0x00000000e0000000,0x00000000e0000000,0x00000000ed780000)
  from space 19456K, 0% used [0x00000000ef180000,0x00000000ef180000,0x00000000f0480000)
  to   space 24064K, 0% used [0x00000000ed780000,0x00000000ed780000,0x00000000eef00000)
 ParOldGen       total 173056K, used 41906K [0x00000000a0000000, 0x00000000aa900000, 0x00000000e0000000)
  object space 173056K, 24% used [0x00000000a0000000,0x00000000a28ecb78,0x00000000aa900000)
 Metaspace       used 57324K, capacity 58918K, committed 59008K, reserved 1099776K
  class space    used 7892K, capacity 8313K, committed 8320K, reserved 1048576K
}
Event: 10.224 GC heap before
{Heap before GC invocations=12 (full 3):
 PSYoungGen      total 240128K, used 220672K [0x00000000e0000000, 0x00000000f0680000, 0x0000000100000000)
  eden space 220672K, 100% used [0x00000000e0000000,0x00000000ed780000,0x00000000ed780000)
  from space 19456K, 0% used [0x00000000ef180000,0x00000000ef180000,0x00000000f0480000)
  to   space 24064K, 0% used [0x00000000ed780000,0x00000000ed780000,0x00000000eef00000)
 ParOldGen       total 173056K, used 41906K [0x00000000a0000000, 0x00000000aa900000, 0x00000000e0000000)
  object space 173056K, 24% used [0x00000000a0000000,0x00000000a28ecb78,0x00000000aa900000)
 Metaspace       used 65349K, capacity 68464K, committed 68736K, reserved 1107968K
  class space    used 9055K, capacity 9763K, committed 9856K, reserved 1048576K
Event: 10.237 GC heap after
Heap after GC invocations=12 (full 3):
 PSYoungGen      total 244736K, used 24051K [0x00000000e0000000, 0x00000000f3000000, 0x0000000100000000)
  eden space 220672K, 0% used [0x00000000e0000000,0x00000000e0000000,0x00000000ed780000)
  from space 24064K, 99% used [0x00000000ed780000,0x00000000eeefce80,0x00000000eef00000)
  to   space 28160K, 0% used [0x00000000f1480000,0x00000000f1480000,0x00000000f3000000)
 ParOldGen       total 173056K, used 44134K [0x00000000a0000000, 0x00000000aa900000, 0x00000000e0000000)
  object space 173056K, 25% used [0x00000000a0000000,0x00000000a2b199f0,0x00000000aa900000)
 Metaspace       used 65349K, capacity 68464K, committed 68736K, reserved 1107968K
  class space    used 9055K, capacity 9763K, committed 9856K, reserved 1048576K
}
Event: 17.707 GC heap before
{Heap before GC invocations=13 (full 3):
 PSYoungGen      total 244736K, used 244723K [0x00000000e0000000, 0x00000000f3000000, 0x0000000100000000)
  eden space 220672K, 100% used [0x00000000e0000000,0x00000000ed780000,0x00000000ed780000)
  from space 24064K, 99% used [0x00000000ed780000,0x00000000eeefce80,0x00000000eef00000)
  to   space 28160K, 0% used [0x00000000f1480000,0x00000000f1480000,0x00000000f3000000)
 ParOldGen       total 173056K, used 44134K [0x00000000a0000000, 0x00000000aa900000, 0x00000000e0000000)
  object space 173056K, 25% used [0x00000000a0000000,0x00000000a2b199f0,0x00000000aa900000)
 Metaspace       used 67894K, capacity 71168K, committed 71296K, reserved 1110016K
  class space    used 9339K, capacity 10061K, committed 10112K, reserved 1048576K
Event: 17.725 GC heap after
Heap after GC invocations=13 (full 3):
 PSYoungGen      total 276992K, used 28157K [0x00000000e0000000, 0x00000000f3680000, 0x0000000100000000)
  eden space 248832K, 0% used [0x00000000e0000000,0x00000000e0000000,0x00000000ef300000)
  from space 28160K, 99% used [0x00000000f1480000,0x00000000f2fff608,0x00000000f3000000)
  to   space 34304K, 0% used [0x00000000ef300000,0x00000000ef300000,0x00000000f1480000)
 ParOldGen       total 173056K, used 51020K [0x00000000a0000000, 0x00000000aa900000, 0x00000000e0000000)
  object space 173056K, 29% used [0x00000000a0000000,0x00000000a31d3128,0x00000000aa900000)
 Metaspace       used 67894K, capacity 71168K, committed 71296K, reserved 1110016K
  class space    used 9339K, capacity 10061K, committed 10112K, reserved 1048576K
}
Event: 20.264 GC heap before
{Heap before GC invocations=14 (full 3):
 PSYoungGen      total 276992K, used 276989K [0x00000000e0000000, 0x00000000f3680000, 0x0000000100000000)
  eden space 248832K, 100% used [0x00000000e0000000,0x00000000ef300000,0x00000000ef300000)
  from space 28160K, 99% used [0x00000000f1480000,0x00000000f2fff608,0x00000000f3000000)
  to   space 34304K, 0% used [0x00000000ef300000,0x00000000ef300000,0x00000000f1480000)
 ParOldGen       total 173056K, used 51020K [0x00000000a0000000, 0x00000000aa900000, 0x00000000e0000000)
  object space 173056K, 29% used [0x00000000a0000000,0x00000000a31d3128,0x00000000aa900000)
 Metaspace       used 68842K, capacity 72054K, committed 72192K, reserved 1112064K
  class space    used 9415K, capacity 10144K, committed 10240K, reserved 1048576K
Event: 20.294 GC heap after
Heap after GC invocations=14 (full 3):
 PSYoungGen      total 283136K, used 34291K [0x00000000e0000000, 0x00000000f3680000, 0x0000000100000000)
  eden space 248832K, 0% used [0x00000000e0000000,0x00000000e0000000,0x00000000ef300000)
  from space 34304K, 99% used [0x00000000ef300000,0x00000000f147cfd8,0x00000000f1480000)
  to   space 28160K, 0% used [0x00000000f1480000,0x00000000f1480000,0x00000000f3000000)
 ParOldGen       total 173056K, used 82459K [0x00000000a0000000, 0x00000000aa900000, 0x00000000e0000000)
  object space 173056K, 47% used [0x00000000a0000000,0x00000000a5086d90,0x00000000aa900000)
 Metaspace       used 68842K, capacity 72054K, committed 72192K, reserved 1112064K
  class space    used 9415K, capacity 10144K, committed 10240K, reserved 1048576K
}
Event: 30.170 GC heap before
{Heap before GC invocations=15 (full 3):
 PSYoungGen      total 283136K, used 283123K [0x00000000e0000000, 0x00000000f3680000, 0x0000000100000000)
  eden space 248832K, 100% used [0x00000000e0000000,0x00000000ef300000,0x00000000ef300000)
  from space 34304K, 99% used [0x00000000ef300000,0x00000000f147cfd8,0x00000000f1480000)
  to   space 28160K, 0% used [0x00000000f1480000,0x00000000f1480000,0x00000000f3000000)
 ParOldGen       total 173056K, used 82459K [0x00000000a0000000, 0x00000000aa900000, 0x00000000e0000000)
  object space 173056K, 47% used [0x00000000a0000000,0x00000000a5086d90,0x00000000aa900000)
 Metaspace       used 75129K, capacity 78572K, committed 78592K, reserved 1116160K
  class space    used 10234K, capacity 10989K, committed 11008K, reserved 1048576K
Event: 30.189 GC heap after
Heap after GC invocations=15 (full 3):
 PSYoungGen      total 276992K, used 9198K [0x00000000e0000000, 0x00000000f3680000, 0x0000000100000000)
  eden space 248832K, 0% used [0x00000000e0000000,0x00000000e0000000,0x00000000ef300000)
  from space 28160K, 32% used [0x00000000f1480000,0x00000000f1d7ba50,0x00000000f3000000)
  to   space 34304K, 0% used [0x00000000ef300000,0x00000000ef300000,0x00000000f1480000)
 ParOldGen       total 173056K, used 113928K [0x00000000a0000000, 0x00000000aa900000, 0x00000000e0000000)
  object space 173056K, 65% used [0x00000000a0000000,0x00000000a6f421b8,0x00000000aa900000)
 Metaspace       used 75129K, capacity 78572K, committed 78592K, reserved 1116160K
  class space    used 10234K, capacity 10989K, committed 11008K, reserved 1048576K
}

