# JRE version: Java(TM) SE Runtime Environment (8.0_161-b12) (build 1.8.0_161-b12)
# Java VM: Java HotSpot(TM) 64-Bit Server VM (25.161-b12 mixed mode windows-amd64 compressed oops)
Heap:
 PSYoungGen      total 258048K, used 78676K [0x00000000e0000000, 0x00000000f3300000, 0x0000000100000000)
  eden space 218112K, 17% used [0x00000000e0000000,0x00000000e25da608,0x00000000ed500000)
  from space 39936K, 99% used [0x00000000edc00000,0x00000000f02fa9f8,0x00000000f0300000)
  to   space 48128K, 0% used [0x00000000f0400000,0x00000000f0400000,0x00000000f3300000)
 ParOldGen       total 267264K, used 144389K [0x00000000a0000000, 0x00000000b0500000, 0x00000000e0000000)
  object space 267264K, 54% used [0x00000000a0000000,0x00000000a8d01598,0x00000000b0500000)
 Metaspace       used 103477K, capacity 109938K, committed 110080K, reserved 1144832K
  class space    used 13555K, capacity 14764K, committed 14848K, reserved 1048576K
GC Heap History (10 events):
Event: 890.580 GC heap before
{Heap before GC invocations=28 (full 4):
 PSYoungGen      total 280576K, used 280440K [0x00000000e0000000, 0x00000000f4780000, 0x0000000100000000)
  eden space 248320K, 100% used [0x00000000e0000000,0x00000000ef280000,0x00000000ef280000)
  from space 32256K, 99% used [0x00000000efa80000,0x00000000f19de388,0x00000000f1a00000)
  to   space 43520K, 0% used [0x00000000f1d00000,0x00000000f1d00000,0x00000000f4780000)
 ParOldGen       total 267264K, used 114341K [0x00000000a0000000, 0x00000000b0500000, 0x00000000e0000000)
  object space 267264K, 42% used [0x00000000a0000000,0x00000000a6fa95b8,0x00000000b0500000)
 Metaspace       used 100647K, capacity 106494K, committed 106624K, reserved 1140736K
  class space    used 13315K, capacity 14440K, committed 14464K, reserved 1048576K
Event: 890.605 GC heap after
Heap after GC invocations=28 (full 4):
 PSYoungGen      total 272384K, used 16656K [0x00000000e0000000, 0x00000000f3c80000, 0x0000000100000000)
  eden space 240128K, 0% used [0x00000000e0000000,0x00000000e0000000,0x00000000eea80000)
  from space 32256K, 51% used [0x00000000f1d00000,0x00000000f2d441e8,0x00000000f3c80000)
  to   space 41984K, 0% used [0x00000000eea80000,0x00000000eea80000,0x00000000f1380000)
 ParOldGen       total 267264K, used 114349K [0x00000000a0000000, 0x00000000b0500000, 0x00000000e0000000)
  object space 267264K, 42% used [0x00000000a0000000,0x00000000a6fab5b8,0x00000000b0500000)
 Metaspace       used 100647K, capacity 106494K, committed 106624K, reserved 1140736K
  class space    used 13315K, capacity 14440K, committed 14464K, reserved 1048576K
}
Event: 982.465 GC heap before
{Heap before GC invocations=29 (full 4):
 PSYoungGen      total 272384K, used 256784K [0x00000000e0000000, 0x00000000f3c80000, 0x0000000100000000)
  eden space 240128K, 100% used [0x00000000e0000000,0x00000000eea80000,0x00000000eea80000)
  from space 32256K, 51% used [0x00000000f1d00000,0x00000000f2d441e8,0x00000000f3c80000)
  to   space 41984K, 0% used [0x00000000eea80000,0x00000000eea80000,0x00000000f1380000)
 ParOldGen       total 267264K, used 114349K [0x00000000a0000000, 0x00000000b0500000, 0x00000000e0000000)
  object space 267264K, 42% used [0x00000000a0000000,0x00000000a6fab5b8,0x00000000b0500000)
 Metaspace       used 100891K, capacity 106912K, committed 107136K, reserved 1142784K
  class space    used 13324K, capacity 14455K, committed 14464K, reserved 1048576K
Event: 982.484 GC heap after
Heap after GC invocations=29 (full 4):
 PSYoungGen      total 256000K, used 23216K [0x00000000e0000000, 0x00000000f3300000, 0x0000000100000000)
  eden space 232448K, 0% used [0x00000000e0000000,0x00000000e0000000,0x00000000ee300000)
  from space 23552K, 98% used [0x00000000eea80000,0x00000000f012c1e8,0x00000000f0180000)
  to   space 40960K, 0% used [0x00000000f0b00000,0x00000000f0b00000,0x00000000f3300000)
 ParOldGen       total 267264K, used 114357K [0x00000000a0000000, 0x00000000b0500000, 0x00000000e0000000)
  object space 267264K, 42% used [0x00000000a0000000,0x00000000a6fad5b8,0x00000000b0500000)
 Metaspace       used 100891K, capacity 106912K, committed 107136K, reserved 1142784K
  class space    used 13324K, capacity 14455K, committed 14464K, reserved 1048576K
}
Event: 1039.723 GC heap before
{Heap before GC invocations=30 (full 4):
 PSYoungGen      total 256000K, used 255664K [0x00000000e0000000, 0x00000000f3300000, 0x0000000100000000)
  eden space 232448K, 100% used [0x00000000e0000000,0x00000000ee300000,0x00000000ee300000)
  from space 23552K, 98% used [0x00000000eea80000,0x00000000f012c1e8,0x00000000f0180000)
  to   space 40960K, 0% used [0x00000000f0b00000,0x00000000f0b00000,0x00000000f3300000)
 ParOldGen       total 267264K, used 114357K [0x00000000a0000000, 0x00000000b0500000, 0x00000000e0000000)
  object space 267264K, 42% used [0x00000000a0000000,0x00000000a6fad5b8,0x00000000b0500000)
 Metaspace       used 101084K, capacity 107040K, committed 107136K, reserved 1142784K
  class space    used 13325K, capacity 14455K, committed 14464K, reserved 1048576K
Event: 1039.741 GC heap after
Heap after GC invocations=30 (full 4):
 PSYoungGen      total 257024K, used 23936K [0x00000000e0000000, 0x00000000f2a00000, 0x0000000100000000)
  eden space 225280K, 0% used [0x00000000e0000000,0x00000000e0000000,0x00000000edc00000)
  from space 31744K, 75% used [0x00000000f0b00000,0x00000000f22601c8,0x00000000f2a00000)
  to   space 39936K, 0% used [0x00000000edc00000,0x00000000edc00000,0x00000000f0300000)
 ParOldGen       total 267264K, used 114365K [0x00000000a0000000, 0x00000000b0500000, 0x00000000e0000000)
  object space 267264K, 42% used [0x00000000a0000000,0x00000000a6faf5b8,0x00000000b0500000)
 Metaspace       used 101084K, capacity 107040K, committed 107136K, reserved 1142784K
  class space    used 13325K, capacity 14455K, committed 14464K, reserved 1048576K
}
Event: 1068.973 GC heap before
{Heap before GC invocations=31 (full 4):
 PSYoungGen      total 257024K, used 249216K [0x00000000e0000000, 0x00000000f2a00000, 0x0000000100000000)
  eden space 225280K, 100% used [0x00000000e0000000,0x00000000edc00000,0x00000000edc00000)
  from space 31744K, 75% used [0x00000000f0b00000,0x00000000f22601c8,0x00000000f2a00000)
  to   space 39936K, 0% used [0x00000000edc00000,0x00000000edc00000,0x00000000f0300000)
 ParOldGen       total 267264K, used 114365K [0x00000000a0000000, 0x00000000b0500000, 0x00000000e0000000)
  object space 267264K, 42% used [0x00000000a0000000,0x00000000a6faf5b8,0x00000000b0500000)
 Metaspace       used 101840K, capacity 108012K, committed 108160K, reserved 1142784K
  class space    used 13409K, capacity 14617K, committed 14720K, reserved 1048576K
Event: 1068.994 GC heap after
Heap after GC invocations=31 (full 4):
 PSYoungGen      total 258048K, used 39920K [0x00000000e0000000, 0x00000000f3300000, 0x0000000100000000)
  eden space 218112K, 0% used [0x00000000e0000000,0x00000000e0000000,0x00000000ed500000)
  from space 39936K, 99% used [0x00000000edc00000,0x00000000f02fc168,0x00000000f0300000)
  to   space 48128K, 0% used [0x00000000f0400000,0x00000000f0400000,0x00000000f3300000)
 ParOldGen       total 267264K, used 123271K [0x00000000a0000000, 0x00000000b0500000, 0x00000000e0000000)
  object space 267264K, 46% used [0x00000000a0000000,0x00000000a7861d30,0x00000000b0500000)
 Metaspace       used 101840K, capacity 108012K, committed 108160K, reserved 1142784K
  class space    used 13409K, capacity 14617K, committed 14720K, reserved 1048576K
}
Event: 1071.472 GC heap before
{Heap before GC invocations=32 (full 4):
 PSYoungGen      total 258048K, used 258032K [0x00000000e0000000, 0x00000000f3300000, 0x0000000100000000)
  eden space 218112K, 100% used [0x00000000e0000000,0x00000000ed500000,0x00000000ed500000)
  from space 39936K, 99% used [0x00000000edc00000,0x00000000f02fc168,0x00000000f0300000)
  to   space 48128K, 0% used [0x00000000f0400000,0x00000000f0400000,0x00000000f3300000)
 ParOldGen       total 267264K, used 123271K [0x00000000a0000000, 0x00000000b0500000, 0x00000000e0000000)
  object space 267264K, 46% used [0x00000000a0000000,0x00000000a7861d30,0x00000000b0500000)
 Metaspace       used 103171K, capacity 109602K, committed 109824K, reserved 1144832K
  class space    used 13518K, capacity 14724K, committed 14848K, reserved 1048576K
Event: 1071.497 GC heap after
Heap after GC invocations=32 (full 4):
 PSYoungGen      total 266240K, used 48123K [0x00000000e0000000, 0x00000000f3300000, 0x0000000100000000)
  eden space 218112K, 0% used [0x00000000e0000000,0x00000000e0000000,0x00000000ed500000)
  from space 48128K, 99% used [0x00000000f0400000,0x00000000f32fec98,0x00000000f3300000)
  to   space 39936K, 0% used [0x00000000edc00000,0x00000000edc00000,0x00000000f0300000)
 ParOldGen       total 267264K, used 129019K [0x00000000a0000000, 0x00000000b0500000, 0x00000000e0000000)
  object space 267264K, 48% used [0x00000000a0000000,0x00000000a7dfefc8,0x00000000b0500000)
 Metaspace       used 103171K, capacity 109602K, committed 109824K, reserved 1144832K
  class space    used 13518K, capacity 14724K, committed 14848K, reserved 1048576K
}

