# JRE version: Java(TM) SE Runtime Environment (8.0_161-b12) (build 1.8.0_161-b12)
# Java VM: Java HotSpot(TM) 64-Bit Server VM (25.161-b12 mixed mode windows-amd64 compressed oops)
Heap:
 PSYoungGen      total 287744K, used 80426K [0x00000000e0000000, 0x00000000f7780000, 0x0000000100000000)
  eden space 252928K, 18% used [0x00000000e0000000,0x00000000e2c90830,0x00000000ef700000)
  from space 34816K, 99% used [0x00000000ef700000,0x00000000f18fa160,0x00000000f1900000)
  to   space 51200K, 0% used [0x00000000f4580000,0x00000000f4580000,0x00000000f7780000)
 ParOldGen       total 262656K, used 82322K [0x00000000a0000000, 0x00000000b0080000, 0x00000000e0000000)
  object space 262656K, 31% used [0x00000000a0000000,0x00000000a50649f8,0x00000000b0080000)
 Metaspace       used 69210K, capacity 72202K, committed 72448K, reserved 1112064K
  class space    used 9433K, capacity 10120K, committed 10240K, reserved 1048576K
GC Heap History (10 events):
Event: 5.009 GC heap before
{Heap before GC invocations=10 (full 2):
 PSYoungGen      total 183296K, used 135442K [0x00000000e0000000, 0x00000000f0b80000, 0x0000000100000000)
  eden space 167424K, 71% used [0x00000000e0000000,0x00000000e74c6528,0x00000000ea380000)
  from space 15872K, 99% used [0x00000000ea380000,0x00000000eb2fe3d0,0x00000000eb300000)
  to   space 20480K, 0% used [0x00000000ef780000,0x00000000ef780000,0x00000000f0b80000)
 ParOldGen       total 173056K, used 25150K [0x00000000a0000000, 0x00000000aa900000, 0x00000000e0000000)
  object space 173056K, 14% used [0x00000000a0000000,0x00000000a188f910,0x00000000aa900000)
 Metaspace       used 57586K, capacity 58980K, committed 59136K, reserved 1099776K
  class space    used 7976K, capacity 8352K, committed 8448K, reserved 1048576K
Event: 5.023 GC heap after
Heap after GC invocations=10 (full 2):
 PSYoungGen      total 249856K, used 20475K [0x00000000e0000000, 0x00000000f1300000, 0x0000000100000000)
  eden space 229376K, 0% used [0x00000000e0000000,0x00000000e0000000,0x00000000ee000000)
  from space 20480K, 99% used [0x00000000ef780000,0x00000000f0b7ee48,0x00000000f0b80000)
  to   space 24064K, 0% used [0x00000000ee000000,0x00000000ee000000,0x00000000ef780000)
 ParOldGen       total 173056K, used 26942K [0x00000000a0000000, 0x00000000aa900000, 0x00000000e0000000)
  object space 173056K, 15% used [0x00000000a0000000,0x00000000a1a4f880,0x00000000aa900000)
 Metaspace       used 57586K, capacity 58980K, committed 59136K, reserved 1099776K
  class space    used 7976K, capacity 8352K, committed 8448K, reserved 1048576K
}
Event: 5.023 GC heap before
{Heap before GC invocations=11 (full 3):
 PSYoungGen      total 249856K, used 20475K [0x00000000e0000000, 0x00000000f1300000, 0x0000000100000000)
  eden space 229376K, 0% used [0x00000000e0000000,0x00000000e0000000,0x00000000ee000000)
  from space 20480K, 99% used [0x00000000ef780000,0x00000000f0b7ee48,0x00000000f0b80000)
  to   space 24064K, 0% used [0x00000000ee000000,0x00000000ee000000,0x00000000ef780000)
 ParOldGen       total 173056K, used 26942K [0x00000000a0000000, 0x00000000aa900000, 0x00000000e0000000)
  object space 173056K, 15% used [0x00000000a0000000,0x00000000a1a4f880,0x00000000aa900000)
 Metaspace       used 57586K, capacity 58980K, committed 59136K, reserved 1099776K
  class space    used 7976K, capacity 8352K, committed 8448K, reserved 1048576K
Event: 5.217 GC heap after
Heap after GC invocations=11 (full 3):
 PSYoungGen      total 249856K, used 0K [0x00000000e0000000, 0x00000000f1300000, 0x0000000100000000)
  eden space 229376K, 0% used [0x00000000e0000000,0x00000000e0000000,0x00000000ee000000)
  from space 20480K, 0% used [0x00000000ef780000,0x00000000ef780000,0x00000000f0b80000)
  to   space 24064K, 0% used [0x00000000ee000000,0x00000000ee000000,0x00000000ef780000)
 ParOldGen       total 262656K, used 40968K [0x00000000a0000000, 0x00000000b0080000, 0x00000000e0000000)
  object space 262656K, 15% used [0x00000000a0000000,0x00000000a28023a8,0x00000000b0080000)
 Metaspace       used 57586K, capacity 58980K, committed 59136K, reserved 1099776K
  class space    used 7976K, capacity 8352K, committed 8448K, reserved 1048576K
}
Event: 14.448 GC heap before
{Heap before GC invocations=12 (full 3):
 PSYoungGen      total 249856K, used 229376K [0x00000000e0000000, 0x00000000f1300000, 0x0000000100000000)
  eden space 229376K, 100% used [0x00000000e0000000,0x00000000ee000000,0x00000000ee000000)
  from space 20480K, 0% used [0x00000000ef780000,0x00000000ef780000,0x00000000f0b80000)
  to   space 24064K, 0% used [0x00000000ee000000,0x00000000ee000000,0x00000000ef780000)
 ParOldGen       total 262656K, used 40968K [0x00000000a0000000, 0x00000000b0080000, 0x00000000e0000000)
  object space 262656K, 15% used [0x00000000a0000000,0x00000000a28023a8,0x00000000b0080000)
 Metaspace       used 65859K, capacity 68714K, committed 68992K, reserved 1107968K
  class space    used 9114K, capacity 9812K, committed 9856K, reserved 1048576K
Event: 14.468 GC heap after
Heap after GC invocations=12 (full 3):
 PSYoungGen      total 253440K, used 24033K [0x00000000e0000000, 0x00000000f3500000, 0x0000000100000000)
  eden space 229376K, 0% used [0x00000000e0000000,0x00000000e0000000,0x00000000ee000000)
  from space 24064K, 99% used [0x00000000ee000000,0x00000000ef778468,0x00000000ef780000)
  to   space 28672K, 0% used [0x00000000f1900000,0x00000000f1900000,0x00000000f3500000)
 ParOldGen       total 262656K, used 44791K [0x00000000a0000000, 0x00000000b0080000, 0x00000000e0000000)
  object space 262656K, 17% used [0x00000000a0000000,0x00000000a2bbddd0,0x00000000b0080000)
 Metaspace       used 65859K, capacity 68714K, committed 68992K, reserved 1107968K
  class space    used 9114K, capacity 9812K, committed 9856K, reserved 1048576K
}
Event: 17.788 GC heap before
{Heap before GC invocations=13 (full 3):
 PSYoungGen      total 253440K, used 253409K [0x00000000e0000000, 0x00000000f3500000, 0x0000000100000000)
  eden space 229376K, 100% used [0x00000000e0000000,0x00000000ee000000,0x00000000ee000000)
  from space 24064K, 99% used [0x00000000ee000000,0x00000000ef778468,0x00000000ef780000)
  to   space 28672K, 0% used [0x00000000f1900000,0x00000000f1900000,0x00000000f3500000)
 ParOldGen       total 262656K, used 44791K [0x00000000a0000000, 0x00000000b0080000, 0x00000000e0000000)
  object space 262656K, 17% used [0x00000000a0000000,0x00000000a2bbddd0,0x00000000b0080000)
 Metaspace       used 68359K, capacity 71284K, committed 71552K, reserved 1110016K
  class space    used 9360K, capacity 10069K, committed 10112K, reserved 1048576K
Event: 17.810 GC heap after
Heap after GC invocations=13 (full 3):
 PSYoungGen      total 281600K, used 28669K [0x00000000e0000000, 0x00000000f3d80000, 0x0000000100000000)
  eden space 252928K, 0% used [0x00000000e0000000,0x00000000e0000000,0x00000000ef700000)
  from space 28672K, 99% used [0x00000000f1900000,0x00000000f34ff638,0x00000000f3500000)
  to   space 34816K, 0% used [0x00000000ef700000,0x00000000ef700000,0x00000000f1900000)
 ParOldGen       total 262656K, used 51525K [0x00000000a0000000, 0x00000000b0080000, 0x00000000e0000000)
  object space 262656K, 19% used [0x00000000a0000000,0x00000000a3251710,0x00000000b0080000)
 Metaspace       used 68359K, capacity 71284K, committed 71552K, reserved 1110016K
  class space    used 9360K, capacity 10069K, committed 10112K, reserved 1048576K
}
Event: 20.324 GC heap before
{Heap before GC invocations=14 (full 3):
 PSYoungGen      total 281600K, used 281597K [0x00000000e0000000, 0x00000000f3d80000, 0x0000000100000000)
  eden space 252928K, 100% used [0x00000000e0000000,0x00000000ef700000,0x00000000ef700000)
  from space 28672K, 99% used [0x00000000f1900000,0x00000000f34ff638,0x00000000f3500000)
  to   space 34816K, 0% used [0x00000000ef700000,0x00000000ef700000,0x00000000f1900000)
 ParOldGen       total 262656K, used 51525K [0x00000000a0000000, 0x00000000b0080000, 0x00000000e0000000)
  object space 262656K, 19% used [0x00000000a0000000,0x00000000a3251710,0x00000000b0080000)
 Metaspace       used 69013K, capacity 71960K, committed 72064K, reserved 1112064K
  class space    used 9407K, capacity 10085K, committed 10112K, reserved 1048576K
Event: 20.360 GC heap after
Heap after GC invocations=14 (full 3):
 PSYoungGen      total 287744K, used 34792K [0x00000000e0000000, 0x00000000f7780000, 0x0000000100000000)
  eden space 252928K, 0% used [0x00000000e0000000,0x00000000e0000000,0x00000000ef700000)
  from space 34816K, 99% used [0x00000000ef700000,0x00000000f18fa160,0x00000000f1900000)
  to   space 51200K, 0% used [0x00000000f4580000,0x00000000f4580000,0x00000000f7780000)
 ParOldGen       total 262656K, used 82322K [0x00000000a0000000, 0x00000000b0080000, 0x00000000e0000000)
  object space 262656K, 31% used [0x00000000a0000000,0x00000000a50649f8,0x00000000b0080000)
 Metaspace       used 69013K, capacity 71960K, committed 72064K, reserved 1112064K
  class space    used 9407K, capacity 10085K, committed 10112K, reserved 1048576K
}

