# JRE version: Java(TM) SE Runtime Environment (8.0_161-b12) (build 1.8.0_161-b12)
# Java VM: Java HotSpot(TM) 64-Bit Server VM (25.161-b12 mixed mode windows-amd64 compressed oops)
Heap:
 PSYoungGen      total 332288K, used 192009K [0x00000000e0000000, 0x00000000fd400000, 0x0000000100000000)
  eden space 298496K, 53% used [0x00000000e0000000,0x00000000e9a839a8,0x00000000f2380000)
  from space 33792K, 99% used [0x00000000f2380000,0x00000000f447eb18,0x00000000f4480000)
  to   space 48128K, 0% used [0x00000000fa500000,0x00000000fa500000,0x00000000fd400000)
 ParOldGen       total 145920K, used 83209K [0x00000000a0000000, 0x00000000a8e80000, 0x00000000e0000000)
  object space 145920K, 57% used [0x00000000a0000000,0x00000000a5142590,0x00000000a8e80000)
 Metaspace       used 73289K, capacity 76498K, committed 76800K, reserved 1116160K
  class space    used 9709K, capacity 10440K, committed 10496K, reserved 1048576K
GC Heap History (10 events):
Event: 10.899 GC heap before
{Heap before GC invocations=12 (full 2):
 PSYoungGen      total 196096K, used 39810K [0x00000000e0000000, 0x00000000f0a80000, 0x0000000100000000)
  eden space 179712K, 13% used [0x00000000e0000000,0x00000000e16e2dc8,0x00000000eaf80000)
  from space 16384K, 99% used [0x00000000eaf80000,0x00000000ebf7dae0,0x00000000ebf80000)
  to   space 21504K, 0% used [0x00000000ef580000,0x00000000ef580000,0x00000000f0a80000)
 ParOldGen       total 107008K, used 28693K [0x00000000a0000000, 0x00000000a6880000, 0x00000000e0000000)
  object space 107008K, 26% used [0x00000000a0000000,0x00000000a1c05798,0x00000000a6880000)
 Metaspace       used 57618K, capacity 59050K, committed 59160K, reserved 1099776K
  class space    used 7969K, capacity 8353K, committed 8448K, reserved 1048576K
Event: 10.907 GC heap after
Heap after GC invocations=12 (full 2):
 PSYoungGen      total 252416K, used 11267K [0x00000000e0000000, 0x00000000f2180000, 0x0000000100000000)
  eden space 230912K, 0% used [0x00000000e0000000,0x00000000e0000000,0x00000000ee180000)
  from space 21504K, 52% used [0x00000000ef580000,0x00000000f0080ca0,0x00000000f0a80000)
  to   space 20480K, 0% used [0x00000000ee180000,0x00000000ee180000,0x00000000ef580000)
 ParOldGen       total 107008K, used 34151K [0x00000000a0000000, 0x00000000a6880000, 0x00000000e0000000)
  object space 107008K, 31% used [0x00000000a0000000,0x00000000a2159fa0,0x00000000a6880000)
 Metaspace       used 57618K, capacity 59050K, committed 59160K, reserved 1099776K
  class space    used 7969K, capacity 8353K, committed 8448K, reserved 1048576K
}
Event: 10.907 GC heap before
{Heap before GC invocations=13 (full 3):
 PSYoungGen      total 252416K, used 11267K [0x00000000e0000000, 0x00000000f2180000, 0x0000000100000000)
  eden space 230912K, 0% used [0x00000000e0000000,0x00000000e0000000,0x00000000ee180000)
  from space 21504K, 52% used [0x00000000ef580000,0x00000000f0080ca0,0x00000000f0a80000)
  to   space 20480K, 0% used [0x00000000ee180000,0x00000000ee180000,0x00000000ef580000)
 ParOldGen       total 107008K, used 34151K [0x00000000a0000000, 0x00000000a6880000, 0x00000000e0000000)
  object space 107008K, 31% used [0x00000000a0000000,0x00000000a2159fa0,0x00000000a6880000)
 Metaspace       used 57618K, capacity 59050K, committed 59160K, reserved 1099776K
  class space    used 7969K, capacity 8353K, committed 8448K, reserved 1048576K
Event: 11.019 GC heap after
Heap after GC invocations=13 (full 3):
 PSYoungGen      total 252416K, used 0K [0x00000000e0000000, 0x00000000f2180000, 0x0000000100000000)
  eden space 230912K, 0% used [0x00000000e0000000,0x00000000e0000000,0x00000000ee180000)
  from space 21504K, 0% used [0x00000000ef580000,0x00000000ef580000,0x00000000f0a80000)
  to   space 20480K, 0% used [0x00000000ee180000,0x00000000ee180000,0x00000000ef580000)
 ParOldGen       total 145920K, used 35749K [0x00000000a0000000, 0x00000000a8e80000, 0x00000000e0000000)
  object space 145920K, 24% used [0x00000000a0000000,0x00000000a22e9738,0x00000000a8e80000)
 Metaspace       used 57618K, capacity 59050K, committed 59160K, reserved 1099776K
  class space    used 7969K, capacity 8353K, committed 8448K, reserved 1048576K
}
Event: 14.811 GC heap before
{Heap before GC invocations=14 (full 3):
 PSYoungGen      total 252416K, used 230912K [0x00000000e0000000, 0x00000000f2180000, 0x0000000100000000)
  eden space 230912K, 100% used [0x00000000e0000000,0x00000000ee180000,0x00000000ee180000)
  from space 21504K, 0% used [0x00000000ef580000,0x00000000ef580000,0x00000000f0a80000)
  to   space 20480K, 0% used [0x00000000ee180000,0x00000000ee180000,0x00000000ef580000)
 ParOldGen       total 145920K, used 35749K [0x00000000a0000000, 0x00000000a8e80000, 0x00000000e0000000)
  object space 145920K, 24% used [0x00000000a0000000,0x00000000a22e9738,0x00000000a8e80000)
 Metaspace       used 64188K, capacity 66768K, committed 66944K, reserved 1105920K
  class space    used 8875K, capacity 9503K, committed 9600K, reserved 1048576K
Event: 14.827 GC heap after
Heap after GC invocations=14 (full 3):
 PSYoungGen      total 251392K, used 20464K [0x00000000e0000000, 0x00000000f5c00000, 0x0000000100000000)
  eden space 230912K, 0% used [0x00000000e0000000,0x00000000e0000000,0x00000000ee180000)
  from space 20480K, 99% used [0x00000000ee180000,0x00000000ef57c058,0x00000000ef580000)
  to   space 24064K, 0% used [0x00000000f4480000,0x00000000f4480000,0x00000000f5c00000)
 ParOldGen       total 145920K, used 39574K [0x00000000a0000000, 0x00000000a8e80000, 0x00000000e0000000)
  object space 145920K, 27% used [0x00000000a0000000,0x00000000a26a5808,0x00000000a8e80000)
 Metaspace       used 64188K, capacity 66768K, committed 66944K, reserved 1105920K
  class space    used 8875K, capacity 9503K, committed 9600K, reserved 1048576K
}
Event: 132.269 GC heap before
{Heap before GC invocations=15 (full 3):
 PSYoungGen      total 251392K, used 251376K [0x00000000e0000000, 0x00000000f5c00000, 0x0000000100000000)
  eden space 230912K, 100% used [0x00000000e0000000,0x00000000ee180000,0x00000000ee180000)
  from space 20480K, 99% used [0x00000000ee180000,0x00000000ef57c058,0x00000000ef580000)
  to   space 24064K, 0% used [0x00000000f4480000,0x00000000f4480000,0x00000000f5c00000)
 ParOldGen       total 145920K, used 39574K [0x00000000a0000000, 0x00000000a8e80000, 0x00000000e0000000)
  object space 145920K, 27% used [0x00000000a0000000,0x00000000a26a5808,0x00000000a8e80000)
 Metaspace       used 70319K, capacity 73340K, committed 73472K, reserved 1112064K
  class space    used 9404K, capacity 10125K, committed 10240K, reserved 1048576K
Event: 132.295 GC heap after
Heap after GC invocations=15 (full 3):
 PSYoungGen      total 322560K, used 24034K [0x00000000e0000000, 0x00000000f6580000, 0x0000000100000000)
  eden space 298496K, 0% used [0x00000000e0000000,0x00000000e0000000,0x00000000f2380000)
  from space 24064K, 99% used [0x00000000f4480000,0x00000000f5bf8810,0x00000000f5c00000)
  to   space 33792K, 0% used [0x00000000f2380000,0x00000000f2380000,0x00000000f4480000)
 ParOldGen       total 145920K, used 57367K [0x00000000a0000000, 0x00000000a8e80000, 0x00000000e0000000)
  object space 145920K, 39% used [0x00000000a0000000,0x00000000a3805ca8,0x00000000a8e80000)
 Metaspace       used 70319K, capacity 73340K, committed 73472K, reserved 1112064K
  class space    used 9404K, capacity 10125K, committed 10240K, reserved 1048576K
}
Event: 135.207 GC heap before
{Heap before GC invocations=16 (full 3):
 PSYoungGen      total 322560K, used 322157K [0x00000000e0000000, 0x00000000f6580000, 0x0000000100000000)
  eden space 298496K, 99% used [0x00000000e0000000,0x00000000f2322e50,0x00000000f2380000)
  from space 24064K, 99% used [0x00000000f4480000,0x00000000f5bf8810,0x00000000f5c00000)
  to   space 33792K, 0% used [0x00000000f2380000,0x00000000f2380000,0x00000000f4480000)
 ParOldGen       total 145920K, used 57367K [0x00000000a0000000, 0x00000000a8e80000, 0x00000000e0000000)
  object space 145920K, 39% used [0x00000000a0000000,0x00000000a3805ca8,0x00000000a8e80000)
 Metaspace       used 72573K, capacity 75690K, committed 75904K, reserved 1114112K
  class space    used 9630K, capacity 10348K, committed 10368K, reserved 1048576K
Event: 135.240 GC heap after
Heap after GC invocations=16 (full 3):
 PSYoungGen      total 332288K, used 33786K [0x00000000e0000000, 0x00000000fd400000, 0x0000000100000000)
  eden space 298496K, 0% used [0x00000000e0000000,0x00000000e0000000,0x00000000f2380000)
  from space 33792K, 99% used [0x00000000f2380000,0x00000000f447eb18,0x00000000f4480000)
  to   space 48128K, 0% used [0x00000000fa500000,0x00000000fa500000,0x00000000fd400000)
 ParOldGen       total 145920K, used 83209K [0x00000000a0000000, 0x00000000a8e80000, 0x00000000e0000000)
  object space 145920K, 57% used [0x00000000a0000000,0x00000000a5142590,0x00000000a8e80000)
 Metaspace       used 72573K, capacity 75690K, committed 75904K, reserved 1114112K
  class space    used 9630K, capacity 10348K, committed 10368K, reserved 1048576K
}

